D:\PRACTICE\C++\PROJECTS\BALANCEDBRACES\BALANCEDBRACES\DEBUG\BALANCEDBRACES.PCH
D:\PRACTICE\C++\PROJECTS\BALANCEDBRACES\BALANCEDBRACES\DEBUG\STDAFX.OBJ
D:\PRACTICE\C++\PROJECTS\BALANCEDBRACES\BALANCEDBRACES\DEBUG\VC110.PDB
D:\PRACTICE\C++\PROJECTS\BALANCEDBRACES\BALANCEDBRACES\DEBUG\BALANCEDBRACES.OBJ
D:\PRACTICE\C++\PROJECTS\BALANCEDBRACES\DEBUG\BALANCEDBRACES.ILK
D:\PRACTICE\C++\PROJECTS\BALANCEDBRACES\DEBUG\BALANCEDBRACES.EXE
D:\PRACTICE\C++\PROJECTS\BALANCEDBRACES\DEBUG\BALANCEDBRACES.PDB
D:\Practice\c++\Projects\BalancedBraces\BalancedBraces\Debug\BalancedBraces.obj
D:\Practice\c++\Projects\BalancedBraces\BalancedBraces\Debug\stdafx.obj
D:\Practice\c++\Projects\BalancedBraces\BalancedBraces\Debug\cl.command.1.tlog
D:\Practice\c++\Projects\BalancedBraces\BalancedBraces\Debug\CL.read.1.tlog
D:\Practice\c++\Projects\BalancedBraces\BalancedBraces\Debug\CL.write.1.tlog
D:\Practice\c++\Projects\BalancedBraces\BalancedBraces\Debug\link-cvtres.read.1.tlog
D:\Practice\c++\Projects\BalancedBraces\BalancedBraces\Debug\link-cvtres.write.1.tlog
D:\Practice\c++\Projects\BalancedBraces\BalancedBraces\Debug\link-rc.read.1.tlog
D:\Practice\c++\Projects\BalancedBraces\BalancedBraces\Debug\link-rc.write.1.tlog
D:\Practice\c++\Projects\BalancedBraces\BalancedBraces\Debug\link.command.1.tlog
D:\Practice\c++\Projects\BalancedBraces\BalancedBraces\Debug\link.read.1.tlog
D:\Practice\c++\Projects\BalancedBraces\BalancedBraces\Debug\link.write.1.tlog
D:\Practice\c++\Projects\BalancedBraces\BalancedBraces\Debug\BalancedBraces.pch
D:\Practice\c++\Projects\BalancedBraces\BalancedBraces\Debug\vc110.idb
D:\Practice\c++\Projects\BalancedBraces\BalancedBraces\Debug\vc110.pdb
D:\Practice\c++\Projects\BalancedBraces\Debug\BalancedBraces.pdb
D:\Practice\c++\Projects\BalancedBraces\Debug\BalancedBraces.exe
D:\Practice\c++\Projects\BalancedBraces\Debug\BalancedBraces.ilk
